The system is: Linux - 3.10.0-1127.el7.x86_64 - x86_64
Compiling the C compiler identification source file "CMakeCCompilerId.c" succeeded.
Compiler: /opt/rh/devtoolset-7/root/usr/bin/cc 
Build flags: 
Id flags:  

The output was:
0


Compilation of the C compiler identification source "CMakeCCompilerId.c" produced "a.out"

The C compiler identification is GNU, found in "/root/tcmu-runner/build/CMakeFiles/3.17.0-rc1/CompilerIdC/a.out"

Determining if the C compiler works passed with the following output:
Change Dir: /root/tcmu-runner/build/CMakeFiles/CMakeTmp

Run Build Command(s):/usr/bin/gmake cmTC_1b1fd/fast && /usr/bin/gmake -f CMakeFiles/cmTC_1b1fd.dir/build.make CMakeFiles/cmTC_1b1fd.dir/build
gmake[1]: Entering directory `/root/tcmu-runner/build/CMakeFiles/CMakeTmp'
Building C object CMakeFiles/cmTC_1b1fd.dir/testCCompiler.c.o
/opt/rh/devtoolset-7/root/usr/bin/cc    -o CMakeFiles/cmTC_1b1fd.dir/testCCompiler.c.o   -c /root/tcmu-runner/build/CMakeFiles/CMakeTmp/testCCompiler.c
Linking C executable cmTC_1b1fd
/usr/local/bin/cmake -E cmake_link_script CMakeFiles/cmTC_1b1fd.dir/link.txt --verbose=1
/opt/rh/devtoolset-7/root/usr/bin/cc      -rdynamic CMakeFiles/cmTC_1b1fd.dir/testCCompiler.c.o  -o cmTC_1b1fd 
gmake[1]: Leaving directory `/root/tcmu-runner/build/CMakeFiles/CMakeTmp'



Detecting C compiler ABI info compiled with the following output:
Change Dir: /root/tcmu-runner/build/CMakeFiles/CMakeTmp

Run Build Command(s):/usr/bin/gmake cmTC_9c369/fast && /usr/bin/gmake -f CMakeFiles/cmTC_9c369.dir/build.make CMakeFiles/cmTC_9c369.dir/build
gmake[1]: Entering directory `/root/tcmu-runner/build/CMakeFiles/CMakeTmp'
Building C object CMakeFiles/cmTC_9c369.dir/CMakeCCompilerABI.c.o
/opt/rh/devtoolset-7/root/usr/bin/cc   -v -o CMakeFiles/cmTC_9c369.dir/CMakeCCompilerABI.c.o   -c /usr/local/share/cmake-3.17/Modules/CMakeCCompilerABI.c
Using built-in specs.
COLLECT_GCC=/opt/rh/devtoolset-7/root/usr/bin/cc
Target: x86_64-redhat-linux
Configured with: ../configure --enable-bootstrap --enable-languages=c,c++,fortran,lto --prefix=/opt/rh/devtoolset-7/root/usr --mandir=/opt/rh/devtoolset-7/root/usr/share/man --infodir=/opt/rh/devtoolset-7/root/usr/share/info --with-bugurl=http://bugzilla.redhat.com/bugzilla --enable-shared --enable-threads=posix --enable-checking=release --enable-multilib --with-system-zlib --enable-__cxa_atexit --disable-libunwind-exceptions --enable-gnu-unique-object --enable-linker-build-id --with-gcc-major-version-only --enable-plugin --with-linker-hash-style=gnu --enable-initfini-array --with-default-libstdcxx-abi=gcc4-compatible --with-isl=/builddir/build/BUILD/gcc-7.3.1-20180303/obj-x86_64-redhat-linux/isl-install --enable-libmpx --enable-gnu-indirect-function --with-tune=generic --with-arch_32=i686 --build=x86_64-redhat-linux
Thread model: posix
gcc version 7.3.1 20180303 (Red Hat 7.3.1-5) (GCC) 
COLLECT_GCC_OPTIONS='-v' '-o' 'CMakeFiles/cmTC_9c369.dir/CMakeCCompilerABI.c.o' '-c' '-mtune=generic' '-march=x86-64'
 /opt/rh/devtoolset-7/root/usr/libexec/gcc/x86_64-redhat-linux/7/cc1 -quiet -v /usr/local/share/cmake-3.17/Modules/CMakeCCompilerABI.c -quiet -dumpbase CMakeCCompilerABI.c -mtune=generic -march=x86-64 -auxbase-strip CMakeFiles/cmTC_9c369.dir/CMakeCCompilerABI.c.o -version -o /tmp/ccFn1BCo.s
GNU C11 (GCC) version 7.3.1 20180303 (Red Hat 7.3.1-5) (x86_64-redhat-linux)
	compiled by GNU C version 7.3.1 20180303 (Red Hat 7.3.1-5), GMP version 6.0.0, MPFR version 3.1.1, MPC version 1.0.1, isl version isl-0.16.1-GMP

GGC heuristics: --param ggc-min-expand=100 --param ggc-min-heapsize=131072
ignoring nonexistent directory "/opt/rh/devtoolset-7/root/usr/lib/gcc/x86_64-redhat-linux/7/include-fixed"
ignoring nonexistent directory "/opt/rh/devtoolset-7/root/usr/lib/gcc/x86_64-redhat-linux/7/../../../../x86_64-redhat-linux/include"
#include "..." search starts here:
#include <...> search starts here:
 /opt/rh/devtoolset-7/root/usr/lib/gcc/x86_64-redhat-linux/7/include
 /usr/local/include
 /opt/rh/devtoolset-7/root/usr/include
 /usr/include
End of search list.
GNU C11 (GCC) version 7.3.1 20180303 (Red Hat 7.3.1-5) (x86_64-redhat-linux)
	compiled by GNU C version 7.3.1 20180303 (Red Hat 7.3.1-5), GMP version 6.0.0, MPFR version 3.1.1, MPC version 1.0.1, isl version isl-0.16.1-GMP

GGC heuristics: --param ggc-min-expand=100 --param ggc-min-heapsize=131072
Compiler executable checksum: 9297c6e7ca8f6c9f2474dcdc9331bbe8
COLLECT_GCC_OPTIONS='-v' '-o' 'CMakeFiles/cmTC_9c369.dir/CMakeCCompilerABI.c.o' '-c' '-mtune=generic' '-march=x86-64'
 /opt/rh/devtoolset-7/root/usr/libexec/gcc/x86_64-redhat-linux/7/as -v --64 -o CMakeFiles/cmTC_9c369.dir/CMakeCCompilerABI.c.o /tmp/ccFn1BCo.s
GNU assembler version 2.28 (x86_64-redhat-linux) using BFD version version 2.28-11.el7
COMPILER_PATH=/opt/rh/devtoolset-7/root/usr/libexec/gcc/x86_64-redhat-linux/7/:/opt/rh/devtoolset-7/root/usr/libexec/gcc/x86_64-redhat-linux/7/:/opt/rh/devtoolset-7/root/usr/libexec/gcc/x86_64-redhat-linux/:/opt/rh/devtoolset-7/root/usr/lib/gcc/x86_64-redhat-linux/7/:/opt/rh/devtoolset-7/root/usr/lib/gcc/x86_64-redhat-linux/
LIBRARY_PATH=/opt/rh/devtoolset-7/root/usr/lib/gcc/x86_64-redhat-linux/7/:/opt/rh/devtoolset-7/root/usr/lib/gcc/x86_64-redhat-linux/7/../../../../lib64/:/lib/../lib64/:/usr/lib/../lib64/:/opt/rh/devtoolset-7/root/usr/lib/gcc/x86_64-redhat-linux/7/../../../:/lib/:/usr/lib/
COLLECT_GCC_OPTIONS='-v' '-o' 'CMakeFiles/cmTC_9c369.dir/CMakeCCompilerABI.c.o' '-c' '-mtune=generic' '-march=x86-64'
Linking C executable cmTC_9c369
/usr/local/bin/cmake -E cmake_link_script CMakeFiles/cmTC_9c369.dir/link.txt --verbose=1
/opt/rh/devtoolset-7/root/usr/bin/cc     -v -rdynamic CMakeFiles/cmTC_9c369.dir/CMakeCCompilerABI.c.o  -o cmTC_9c369 
Using built-in specs.
COLLECT_GCC=/opt/rh/devtoolset-7/root/usr/bin/cc
COLLECT_LTO_WRAPPER=/opt/rh/devtoolset-7/root/usr/libexec/gcc/x86_64-redhat-linux/7/lto-wrapper
Target: x86_64-redhat-linux
Configured with: ../configure --enable-bootstrap --enable-languages=c,c++,fortran,lto --prefix=/opt/rh/devtoolset-7/root/usr --mandir=/opt/rh/devtoolset-7/root/usr/share/man --infodir=/opt/rh/devtoolset-7/root/usr/share/info --with-bugurl=http://bugzilla.redhat.com/bugzilla --enable-shared --enable-threads=posix --enable-checking=release --enable-multilib --with-system-zlib --enable-__cxa_atexit --disable-libunwind-exceptions --enable-gnu-unique-object --enable-linker-build-id --with-gcc-major-version-only --enable-plugin --with-linker-hash-style=gnu --enable-initfini-array --with-default-libstdcxx-abi=gcc4-compatible --with-isl=/builddir/build/BUILD/gcc-7.3.1-20180303/obj-x86_64-redhat-linux/isl-install --enable-libmpx --enable-gnu-indirect-function --with-tune=generic --with-arch_32=i686 --build=x86_64-redhat-linux
Thread model: posix
gcc version 7.3.1 20180303 (Red Hat 7.3.1-5) (GCC) 
COMPILER_PATH=/opt/rh/devtoolset-7/root/usr/libexec/gcc/x86_64-redhat-linux/7/:/opt/rh/devtoolset-7/root/usr/libexec/gcc/x86_64-redhat-linux/7/:/opt/rh/devtoolset-7/root/usr/libexec/gcc/x86_64-redhat-linux/:/opt/rh/devtoolset-7/root/usr/lib/gcc/x86_64-redhat-linux/7/:/opt/rh/devtoolset-7/root/usr/lib/gcc/x86_64-redhat-linux/
LIBRARY_PATH=/opt/rh/devtoolset-7/root/usr/lib/gcc/x86_64-redhat-linux/7/:/opt/rh/devtoolset-7/root/usr/lib/gcc/x86_64-redhat-linux/7/../../../../lib64/:/lib/../lib64/:/usr/lib/../lib64/:/opt/rh/devtoolset-7/root/usr/lib/gcc/x86_64-redhat-linux/7/../../../:/lib/:/usr/lib/
COLLECT_GCC_OPTIONS='-v' '-rdynamic' '-o' 'cmTC_9c369' '-mtune=generic' '-march=x86-64'
 /opt/rh/devtoolset-7/root/usr/libexec/gcc/x86_64-redhat-linux/7/collect2 -plugin /opt/rh/devtoolset-7/root/usr/libexec/gcc/x86_64-redhat-linux/7/liblto_plugin.so -plugin-opt=/opt/rh/devtoolset-7/root/usr/libexec/gcc/x86_64-redhat-linux/7/lto-wrapper -plugin-opt=-fresolution=/tmp/ccgQX30o.res -plugin-opt=-pass-through=-lgcc -plugin-opt=-pass-through=-lgcc_s -plugin-opt=-pass-through=-lc -plugin-opt=-pass-through=-lgcc -plugin-opt=-pass-through=-lgcc_s --build-id --no-add-needed --eh-frame-hdr --hash-style=gnu -m elf_x86_64 -export-dynamic -dynamic-linker /lib64/ld-linux-x86-64.so.2 -o cmTC_9c369 /lib/../lib64/crt1.o /lib/../lib64/crti.o /opt/rh/devtoolset-7/root/usr/lib/gcc/x86_64-redhat-linux/7/crtbegin.o -L/opt/rh/devtoolset-7/root/usr/lib/gcc/x86_64-redhat-linux/7 -L/opt/rh/devtoolset-7/root/usr/lib/gcc/x86_64-redhat-linux/7/../../../../lib64 -L/lib/../lib64 -L/usr/lib/../lib64 -L/opt/rh/devtoolset-7/root/usr/lib/gcc/x86_64-redhat-linux/7/../../.. CMakeFiles/cmTC_9c369.dir/CMakeCCompilerABI.c.o -lgcc --as-needed -lgcc_s --no-as-needed -lc -lgcc --as-needed -lgcc_s --no-as-needed /opt/rh/devtoolset-7/root/usr/lib/gcc/x86_64-redhat-linux/7/crtend.o /lib/../lib64/crtn.o
COLLECT_GCC_OPTIONS='-v' '-rdynamic' '-o' 'cmTC_9c369' '-mtune=generic' '-march=x86-64'
gmake[1]: Leaving directory `/root/tcmu-runner/build/CMakeFiles/CMakeTmp'



Parsed C implicit include dir info from above output: rv=done
  found start of include info
  found start of implicit include info
    add: [/opt/rh/devtoolset-7/root/usr/lib/gcc/x86_64-redhat-linux/7/include]
    add: [/usr/local/include]
    add: [/opt/rh/devtoolset-7/root/usr/include]
    add: [/usr/include]
  end of search list found
  collapse include dir [/opt/rh/devtoolset-7/root/usr/lib/gcc/x86_64-redhat-linux/7/include] ==> [/opt/rh/devtoolset-7/root/usr/lib/gcc/x86_64-redhat-linux/7/include]
  collapse include dir [/usr/local/include] ==> [/usr/local/include]
  collapse include dir [/opt/rh/devtoolset-7/root/usr/include] ==> [/opt/rh/devtoolset-7/root/usr/include]
  collapse include dir [/usr/include] ==> [/usr/include]
  implicit include dirs: [/opt/rh/devtoolset-7/root/usr/lib/gcc/x86_64-redhat-linux/7/include;/usr/local/include;/opt/rh/devtoolset-7/root/usr/include;/usr/include]


Parsed C implicit link information from above output:
  link line regex: [^( *|.*[/\])(ld|CMAKE_LINK_STARTFILE-NOTFOUND|([^/\]+-)?ld|collect2)[^/\]*( |$)]
  ignore line: [Change Dir: /root/tcmu-runner/build/CMakeFiles/CMakeTmp]
  ignore line: []
  ignore line: [Run Build Command(s):/usr/bin/gmake cmTC_9c369/fast && /usr/bin/gmake -f CMakeFiles/cmTC_9c369.dir/build.make CMakeFiles/cmTC_9c369.dir/build]
  ignore line: [gmake[1]: Entering directory `/root/tcmu-runner/build/CMakeFiles/CMakeTmp']
  ignore line: [Building C object CMakeFiles/cmTC_9c369.dir/CMakeCCompilerABI.c.o]
  ignore line: [/opt/rh/devtoolset-7/root/usr/bin/cc   -v -o CMakeFiles/cmTC_9c369.dir/CMakeCCompilerABI.c.o   -c /usr/local/share/cmake-3.17/Modules/CMakeCCompilerABI.c]
  ignore line: [Using built-in specs.]
  ignore line: [COLLECT_GCC=/opt/rh/devtoolset-7/root/usr/bin/cc]
  ignore line: [Target: x86_64-redhat-linux]
  ignore line: [Configured with: ../configure --enable-bootstrap --enable-languages=c c++ fortran lto --prefix=/opt/rh/devtoolset-7/root/usr --mandir=/opt/rh/devtoolset-7/root/usr/share/man --infodir=/opt/rh/devtoolset-7/root/usr/share/info --with-bugurl=http://bugzilla.redhat.com/bugzilla --enable-shared --enable-threads=posix --enable-checking=release --enable-multilib --with-system-zlib --enable-__cxa_atexit --disable-libunwind-exceptions --enable-gnu-unique-object --enable-linker-build-id --with-gcc-major-version-only --enable-plugin --with-linker-hash-style=gnu --enable-initfini-array --with-default-libstdcxx-abi=gcc4-compatible --with-isl=/builddir/build/BUILD/gcc-7.3.1-20180303/obj-x86_64-redhat-linux/isl-install --enable-libmpx --enable-gnu-indirect-function --with-tune=generic --with-arch_32=i686 --build=x86_64-redhat-linux]
  ignore line: [Thread model: posix]
  ignore line: [gcc version 7.3.1 20180303 (Red Hat 7.3.1-5) (GCC) ]
  ignore line: [COLLECT_GCC_OPTIONS='-v' '-o' 'CMakeFiles/cmTC_9c369.dir/CMakeCCompilerABI.c.o' '-c' '-mtune=generic' '-march=x86-64']
  ignore line: [ /opt/rh/devtoolset-7/root/usr/libexec/gcc/x86_64-redhat-linux/7/cc1 -quiet -v /usr/local/share/cmake-3.17/Modules/CMakeCCompilerABI.c -quiet -dumpbase CMakeCCompilerABI.c -mtune=generic -march=x86-64 -auxbase-strip CMakeFiles/cmTC_9c369.dir/CMakeCCompilerABI.c.o -version -o /tmp/ccFn1BCo.s]
  ignore line: [GNU C11 (GCC) version 7.3.1 20180303 (Red Hat 7.3.1-5) (x86_64-redhat-linux)]
  ignore line: [	compiled by GNU C version 7.3.1 20180303 (Red Hat 7.3.1-5)  GMP version 6.0.0  MPFR version 3.1.1  MPC version 1.0.1  isl version isl-0.16.1-GMP]
  ignore line: []
  ignore line: [GGC heuristics: --param ggc-min-expand=100 --param ggc-min-heapsize=131072]
  ignore line: [ignoring nonexistent directory "/opt/rh/devtoolset-7/root/usr/lib/gcc/x86_64-redhat-linux/7/include-fixed"]
  ignore line: [ignoring nonexistent directory "/opt/rh/devtoolset-7/root/usr/lib/gcc/x86_64-redhat-linux/7/../../../../x86_64-redhat-linux/include"]
  ignore line: [#include "..." search starts here:]
  ignore line: [#include <...> search starts here:]
  ignore line: [ /opt/rh/devtoolset-7/root/usr/lib/gcc/x86_64-redhat-linux/7/include]
  ignore line: [ /usr/local/include]
  ignore line: [ /opt/rh/devtoolset-7/root/usr/include]
  ignore line: [ /usr/include]
  ignore line: [End of search list.]
  ignore line: [GNU C11 (GCC) version 7.3.1 20180303 (Red Hat 7.3.1-5) (x86_64-redhat-linux)]
  ignore line: [	compiled by GNU C version 7.3.1 20180303 (Red Hat 7.3.1-5)  GMP version 6.0.0  MPFR version 3.1.1  MPC version 1.0.1  isl version isl-0.16.1-GMP]
  ignore line: []
  ignore line: [GGC heuristics: --param ggc-min-expand=100 --param ggc-min-heapsize=131072]
  ignore line: [Compiler executable checksum: 9297c6e7ca8f6c9f2474dcdc9331bbe8]
  ignore line: [COLLECT_GCC_OPTIONS='-v' '-o' 'CMakeFiles/cmTC_9c369.dir/CMakeCCompilerABI.c.o' '-c' '-mtune=generic' '-march=x86-64']
  ignore line: [ /opt/rh/devtoolset-7/root/usr/libexec/gcc/x86_64-redhat-linux/7/as -v --64 -o CMakeFiles/cmTC_9c369.dir/CMakeCCompilerABI.c.o /tmp/ccFn1BCo.s]
  ignore line: [GNU assembler version 2.28 (x86_64-redhat-linux) using BFD version version 2.28-11.el7]
  ignore line: [COMPILER_PATH=/opt/rh/devtoolset-7/root/usr/libexec/gcc/x86_64-redhat-linux/7/:/opt/rh/devtoolset-7/root/usr/libexec/gcc/x86_64-redhat-linux/7/:/opt/rh/devtoolset-7/root/usr/libexec/gcc/x86_64-redhat-linux/:/opt/rh/devtoolset-7/root/usr/lib/gcc/x86_64-redhat-linux/7/:/opt/rh/devtoolset-7/root/usr/lib/gcc/x86_64-redhat-linux/]
  ignore line: [LIBRARY_PATH=/opt/rh/devtoolset-7/root/usr/lib/gcc/x86_64-redhat-linux/7/:/opt/rh/devtoolset-7/root/usr/lib/gcc/x86_64-redhat-linux/7/../../../../lib64/:/lib/../lib64/:/usr/lib/../lib64/:/opt/rh/devtoolset-7/root/usr/lib/gcc/x86_64-redhat-linux/7/../../../:/lib/:/usr/lib/]
  ignore line: [COLLECT_GCC_OPTIONS='-v' '-o' 'CMakeFiles/cmTC_9c369.dir/CMakeCCompilerABI.c.o' '-c' '-mtune=generic' '-march=x86-64']
  ignore line: [Linking C executable cmTC_9c369]
  ignore line: [/usr/local/bin/cmake -E cmake_link_script CMakeFiles/cmTC_9c369.dir/link.txt --verbose=1]
  ignore line: [/opt/rh/devtoolset-7/root/usr/bin/cc     -v -rdynamic CMakeFiles/cmTC_9c369.dir/CMakeCCompilerABI.c.o  -o cmTC_9c369 ]
  ignore line: [Using built-in specs.]
  ignore line: [COLLECT_GCC=/opt/rh/devtoolset-7/root/usr/bin/cc]
  ignore line: [COLLECT_LTO_WRAPPER=/opt/rh/devtoolset-7/root/usr/libexec/gcc/x86_64-redhat-linux/7/lto-wrapper]
  ignore line: [Target: x86_64-redhat-linux]
  ignore line: [Configured with: ../configure --enable-bootstrap --enable-languages=c c++ fortran lto --prefix=/opt/rh/devtoolset-7/root/usr --mandir=/opt/rh/devtoolset-7/root/usr/share/man --infodir=/opt/rh/devtoolset-7/root/usr/share/info --with-bugurl=http://bugzilla.redhat.com/bugzilla --enable-shared --enable-threads=posix --enable-checking=release --enable-multilib --with-system-zlib --enable-__cxa_atexit --disable-libunwind-exceptions --enable-gnu-unique-object --enable-linker-build-id --with-gcc-major-version-only --enable-plugin --with-linker-hash-style=gnu --enable-initfini-array --with-default-libstdcxx-abi=gcc4-compatible --with-isl=/builddir/build/BUILD/gcc-7.3.1-20180303/obj-x86_64-redhat-linux/isl-install --enable-libmpx --enable-gnu-indirect-function --with-tune=generic --with-arch_32=i686 --build=x86_64-redhat-linux]
  ignore line: [Thread model: posix]
  ignore line: [gcc version 7.3.1 20180303 (Red Hat 7.3.1-5) (GCC) ]
  ignore line: [COMPILER_PATH=/opt/rh/devtoolset-7/root/usr/libexec/gcc/x86_64-redhat-linux/7/:/opt/rh/devtoolset-7/root/usr/libexec/gcc/x86_64-redhat-linux/7/:/opt/rh/devtoolset-7/root/usr/libexec/gcc/x86_64-redhat-linux/:/opt/rh/devtoolset-7/root/usr/lib/gcc/x86_64-redhat-linux/7/:/opt/rh/devtoolset-7/root/usr/lib/gcc/x86_64-redhat-linux/]
  ignore line: [LIBRARY_PATH=/opt/rh/devtoolset-7/root/usr/lib/gcc/x86_64-redhat-linux/7/:/opt/rh/devtoolset-7/root/usr/lib/gcc/x86_64-redhat-linux/7/../../../../lib64/:/lib/../lib64/:/usr/lib/../lib64/:/opt/rh/devtoolset-7/root/usr/lib/gcc/x86_64-redhat-linux/7/../../../:/lib/:/usr/lib/]
  ignore line: [COLLECT_GCC_OPTIONS='-v' '-rdynamic' '-o' 'cmTC_9c369' '-mtune=generic' '-march=x86-64']
  link line: [ /opt/rh/devtoolset-7/root/usr/libexec/gcc/x86_64-redhat-linux/7/collect2 -plugin /opt/rh/devtoolset-7/root/usr/libexec/gcc/x86_64-redhat-linux/7/liblto_plugin.so -plugin-opt=/opt/rh/devtoolset-7/root/usr/libexec/gcc/x86_64-redhat-linux/7/lto-wrapper -plugin-opt=-fresolution=/tmp/ccgQX30o.res -plugin-opt=-pass-through=-lgcc -plugin-opt=-pass-through=-lgcc_s -plugin-opt=-pass-through=-lc -plugin-opt=-pass-through=-lgcc -plugin-opt=-pass-through=-lgcc_s --build-id --no-add-needed --eh-frame-hdr --hash-style=gnu -m elf_x86_64 -export-dynamic -dynamic-linker /lib64/ld-linux-x86-64.so.2 -o cmTC_9c369 /lib/../lib64/crt1.o /lib/../lib64/crti.o /opt/rh/devtoolset-7/root/usr/lib/gcc/x86_64-redhat-linux/7/crtbegin.o -L/opt/rh/devtoolset-7/root/usr/lib/gcc/x86_64-redhat-linux/7 -L/opt/rh/devtoolset-7/root/usr/lib/gcc/x86_64-redhat-linux/7/../../../../lib64 -L/lib/../lib64 -L/usr/lib/../lib64 -L/opt/rh/devtoolset-7/root/usr/lib/gcc/x86_64-redhat-linux/7/../../.. CMakeFiles/cmTC_9c369.dir/CMakeCCompilerABI.c.o -lgcc --as-needed -lgcc_s --no-as-needed -lc -lgcc --as-needed -lgcc_s --no-as-needed /opt/rh/devtoolset-7/root/usr/lib/gcc/x86_64-redhat-linux/7/crtend.o /lib/../lib64/crtn.o]
    arg [/opt/rh/devtoolset-7/root/usr/libexec/gcc/x86_64-redhat-linux/7/collect2] ==> ignore
    arg [-plugin] ==> ignore
    arg [/opt/rh/devtoolset-7/root/usr/libexec/gcc/x86_64-redhat-linux/7/liblto_plugin.so] ==> ignore
    arg [-plugin-opt=/opt/rh/devtoolset-7/root/usr/libexec/gcc/x86_64-redhat-linux/7/lto-wrapper] ==> ignore
    arg [-plugin-opt=-fresolution=/tmp/ccgQX30o.res] ==> ignore
    arg [-plugin-opt=-pass-through=-lgcc] ==> ignore
    arg [-plugin-opt=-pass-through=-lgcc_s] ==> ignore
    arg [-plugin-opt=-pass-through=-lc] ==> ignore
    arg [-plugin-opt=-pass-through=-lgcc] ==> ignore
    arg [-plugin-opt=-pass-through=-lgcc_s] ==> ignore
    arg [--build-id] ==> ignore
    arg [--no-add-needed] ==> ignore
    arg [--eh-frame-hdr] ==> ignore
    arg [--hash-style=gnu] ==> ignore
    arg [-m] ==> ignore
    arg [elf_x86_64] ==> ignore
    arg [-export-dynamic] ==> ignore
    arg [-dynamic-linker] ==> ignore
    arg [/lib64/ld-linux-x86-64.so.2] ==> ignore
    arg [-o] ==> ignore
    arg [cmTC_9c369] ==> ignore
    arg [/lib/../lib64/crt1.o] ==> ignore
    arg [/lib/../lib64/crti.o] ==> ignore
    arg [/opt/rh/devtoolset-7/root/usr/lib/gcc/x86_64-redhat-linux/7/crtbegin.o] ==> ignore
    arg [-L/opt/rh/devtoolset-7/root/usr/lib/gcc/x86_64-redhat-linux/7] ==> dir [/opt/rh/devtoolset-7/root/usr/lib/gcc/x86_64-redhat-linux/7]
    arg [-L/opt/rh/devtoolset-7/root/usr/lib/gcc/x86_64-redhat-linux/7/../../../../lib64] ==> dir [/opt/rh/devtoolset-7/root/usr/lib/gcc/x86_64-redhat-linux/7/../../../../lib64]
    arg [-L/lib/../lib64] ==> dir [/lib/../lib64]
    arg [-L/usr/lib/../lib64] ==> dir [/usr/lib/../lib64]
    arg [-L/opt/rh/devtoolset-7/root/usr/lib/gcc/x86_64-redhat-linux/7/../../..] ==> dir [/opt/rh/devtoolset-7/root/usr/lib/gcc/x86_64-redhat-linux/7/../../..]
    arg [CMakeFiles/cmTC_9c369.dir/CMakeCCompilerABI.c.o] ==> ignore
    arg [-lgcc] ==> lib [gcc]
    arg [--as-needed] ==> ignore
    arg [-lgcc_s] ==> lib [gcc_s]
    arg [--no-as-needed] ==> ignore
    arg [-lc] ==> lib [c]
    arg [-lgcc] ==> lib [gcc]
    arg [--as-needed] ==> ignore
    arg [-lgcc_s] ==> lib [gcc_s]
    arg [--no-as-needed] ==> ignore
    arg [/opt/rh/devtoolset-7/root/usr/lib/gcc/x86_64-redhat-linux/7/crtend.o] ==> ignore
    arg [/lib/../lib64/crtn.o] ==> ignore
  collapse library dir [/opt/rh/devtoolset-7/root/usr/lib/gcc/x86_64-redhat-linux/7] ==> [/opt/rh/devtoolset-7/root/usr/lib/gcc/x86_64-redhat-linux/7]
  collapse library dir [/opt/rh/devtoolset-7/root/usr/lib/gcc/x86_64-redhat-linux/7/../../../../lib64] ==> [/opt/rh/devtoolset-7/root/usr/lib64]
  collapse library dir [/lib/../lib64] ==> [/lib64]
  collapse library dir [/usr/lib/../lib64] ==> [/usr/lib64]
  collapse library dir [/opt/rh/devtoolset-7/root/usr/lib/gcc/x86_64-redhat-linux/7/../../..] ==> [/opt/rh/devtoolset-7/root/usr/lib]
  implicit libs: [gcc;gcc_s;c;gcc;gcc_s]
  implicit dirs: [/opt/rh/devtoolset-7/root/usr/lib/gcc/x86_64-redhat-linux/7;/opt/rh/devtoolset-7/root/usr/lib64;/lib64;/usr/lib64;/opt/rh/devtoolset-7/root/usr/lib]
  implicit fwks: []


Determining if the include file linux/falloc.h exists passed with the following output:
Change Dir: /root/tcmu-runner/build/CMakeFiles/CMakeTmp

Run Build Command(s):/usr/bin/gmake cmTC_76029/fast && /usr/bin/gmake -f CMakeFiles/cmTC_76029.dir/build.make CMakeFiles/cmTC_76029.dir/build
gmake[1]: Entering directory `/root/tcmu-runner/build/CMakeFiles/CMakeTmp'
Building C object CMakeFiles/cmTC_76029.dir/CheckIncludeFile.c.o
/opt/rh/devtoolset-7/root/usr/bin/cc   -Werror -Wall -Wdeclaration-after-statement -std=c99 -fno-builtin-malloc -fno-builtin-calloc -fno-builtin-realloc -fno-builtin-free    -o CMakeFiles/cmTC_76029.dir/CheckIncludeFile.c.o   -c /root/tcmu-runner/build/CMakeFiles/CMakeTmp/CheckIncludeFile.c
Linking C executable cmTC_76029
/usr/local/bin/cmake -E cmake_link_script CMakeFiles/cmTC_76029.dir/link.txt --verbose=1
/opt/rh/devtoolset-7/root/usr/bin/cc  -Werror -Wall -Wdeclaration-after-statement -std=c99 -fno-builtin-malloc -fno-builtin-calloc -fno-builtin-realloc -fno-builtin-free     -rdynamic CMakeFiles/cmTC_76029.dir/CheckIncludeFile.c.o  -o cmTC_76029 
gmake[1]: Leaving directory `/root/tcmu-runner/build/CMakeFiles/CMakeTmp'



